<?xml version="1.0" encoding="UTF-8"?>
<!-- Generated by org.testng.reporters.JUnitReportReporter -->
<testsuite hostname="DESKTOP-N1F218A" failures="0" tests="1" name="TestCases.DUmmyTC" time="0.012" errors="0" timestamp="2023-07-24T00:27:22 IST" skipped="0">
  <testcase classname="TestCases.DUmmyTC" name="DummyTCtoCheckLogs" time="0.012"/>
  <system-out/>
</testsuite> <!-- TestCases.DUmmyTC -->
