<?xml version="1.0" encoding="UTF-8"?>
<!-- Generated by org.testng.reporters.JUnitReportReporter -->
<testsuite hostname="DESKTOP-N1F218A" failures="0" tests="1" name="TestCases.TC3_DeleteCustomer" time="27.285" errors="0" timestamp="2023-08-10T12:29:19 IST" skipped="0">
  <testcase classname="TestCases.TC3_DeleteCustomer" name="DeleteCstomer" time="27.285"/>
  <system-out/>
</testsuite> <!-- TestCases.TC3_DeleteCustomer -->
