<?xml version="1.0" encoding="UTF-8"?>
<!-- Generated by org.testng.reporters.JUnitReportReporter -->
<testsuite skipped="0" hostname="DESKTOP-N1F218A" name="TestCases.TC3_DeleteCustomer" tests="1" failures="0" timestamp="2023-07-31T14:15:42 IST" time="25.274" errors="0">
  <testcase name="DeleteCstomer" time="25.274" classname="TestCases.TC3_DeleteCustomer"/>
  <system-out/>
</testsuite> <!-- TestCases.TC3_DeleteCustomer -->
